<?xml version="1.0" encoding="UTF-8"?>
<testng-results skipped="0" failed="1" ignored="2" total="4" passed="1">
  <reporter-output>
  </reporter-output>
  <suite name="nopCommerce Regression suite" duration-ms="26333" started-at="2020-10-24T16:22:50 EET" finished-at="2020-10-24T16:23:16 EET">
    <groups>
    </groups>
    <test name="Regression test" duration-ms="26333" started-at="2020-10-24T16:22:50 EET" finished-at="2020-10-24T16:23:16 EET">
      <class name="tests.addingProhibitedProductTest">
        <test-method status="FAIL" signature="userCanAddProhibitedProductSuccessfully()[pri:0, instance:tests.addingProhibitedProductTest@4f9a3314]" name="userCanAddProhibitedProductSuccessfully" duration-ms="23195" started-at="2020-10-24T16:22:53 EET" finished-at="2020-10-24T16:23:16 EET">
          <exception class="org.openqa.selenium.NoSuchElementException">
            <message>
              <![CDATA[Cannot locate an element using xpath=//*[@id="cart-basic-box"]/div[2]/div[2]/div[2]/input
For documentation on this error, please visit: https://www.seleniumhq.org/exceptions/no_such_element.html
Build info: version: '4.0.0-alpha-3', revision: '8c567de6dc'
System info: host: 'DESKTOP-5DH8K51', ip: '192.168.1.11', os.name: 'Windows 10', os.arch: 'amd64', os.version: '10.0', java.version: '1.8.0_251'
Driver info: driver.version: RemoteWebDriver]]>
            </message>
            <full-stacktrace>
              <![CDATA[org.openqa.selenium.NoSuchElementException: Cannot locate an element using xpath=//*[@id="cart-basic-box"]/div[2]/div[2]/div[2]/input
For documentation on this error, please visit: https://www.seleniumhq.org/exceptions/no_such_element.html
Build info: version: '4.0.0-alpha-3', revision: '8c567de6dc'
System info: host: 'DESKTOP-5DH8K51', ip: '192.168.1.11', os.name: 'Windows 10', os.arch: 'amd64', os.version: '10.0', java.version: '1.8.0_251'
Driver info: driver.version: RemoteWebDriver
at org.openqa.selenium.remote.RemoteWebDriver.findElement(RemoteWebDriver.java:330)
at org.openqa.selenium.remote.RemoteWebDriver.findElementByXPath(RemoteWebDriver.java:445)
at org.openqa.selenium.By$ByXPath.findElement(By.java:396)
at org.openqa.selenium.remote.RemoteWebDriver.findElement(RemoteWebDriver.java:319)
at org.openqa.selenium.support.pagefactory.DefaultElementLocator.findElement(DefaultElementLocator.java:70)
at org.openqa.selenium.support.pagefactory.internal.LocatingElementHandler.invoke(LocatingElementHandler.java:39)
at com.sun.proxy.$Proxy9.sendKeys(Unknown Source)
at pages.PageBase.SetTxtElemetTxt(PageBase.java:29)
at pages.CartPage.addingProhibitedProduct(CartPage.java:34)
at tests.addingProhibitedProductTest.userCanAddProhibitedProductSuccessfully(addingProhibitedProductTest.java:17)
at sun.reflect.NativeMethodAccessorImpl.invoke0(Native Method)
at sun.reflect.NativeMethodAccessorImpl.invoke(Unknown Source)
at sun.reflect.DelegatingMethodAccessorImpl.invoke(Unknown Source)
at java.lang.reflect.Method.invoke(Unknown Source)
at org.testng.internal.MethodInvocationHelper.invokeMethod(MethodInvocationHelper.java:134)
at org.testng.internal.TestInvoker.invokeMethod(TestInvoker.java:597)
at org.testng.internal.TestInvoker.invokeTestMethod(TestInvoker.java:173)
at org.testng.internal.MethodRunner.runInSequence(MethodRunner.java:46)
at org.testng.internal.TestInvoker$MethodInvocationAgent.invoke(TestInvoker.java:816)
at org.testng.internal.TestInvoker.invokeTestMethods(TestInvoker.java:146)
at org.testng.internal.TestMethodWorker.invokeTestMethods(TestMethodWorker.java:146)
at org.testng.internal.TestMethodWorker.run(TestMethodWorker.java:128)
at java.util.ArrayList.forEach(Unknown Source)
at org.testng.TestRunner.privateRun(TestRunner.java:766)
at org.testng.TestRunner.run(TestRunner.java:587)
at org.testng.SuiteRunner.runTest(SuiteRunner.java:384)
at org.testng.SuiteRunner.runSequentially(SuiteRunner.java:378)
at org.testng.SuiteRunner.privateRun(SuiteRunner.java:337)
at org.testng.SuiteRunner.run(SuiteRunner.java:286)
at org.testng.SuiteRunnerWorker.runSuite(SuiteRunnerWorker.java:53)
at org.testng.SuiteRunnerWorker.run(SuiteRunnerWorker.java:96)
at org.testng.TestNG.runSuitesSequentially(TestNG.java:1187)
at org.testng.TestNG.runSuitesLocally(TestNG.java:1109)
at org.testng.TestNG.runSuites(TestNG.java:1039)
at org.testng.TestNG.run(TestNG.java:1007)
at org.testng.remote.AbstractRemoteTestNG.run(AbstractRemoteTestNG.java:115)
at org.testng.remote.RemoteTestNG.initAndRun(RemoteTestNG.java:251)
at org.testng.remote.RemoteTestNG.main(RemoteTestNG.java:77)
]]>
            </full-stacktrace>
          </exception> <!-- org.openqa.selenium.NoSuchElementException -->
          <reporter-output>
          </reporter-output>
        </test-method> <!-- userCanAddProhibitedProductSuccessfully -->
      </class> <!-- tests.addingProhibitedProductTest -->
      <class name="tests.addingAutomatedProductTest">
        <test-method status="PASS" signature="StartDriver()[pri:0, instance:tests.addingAutomatedProductTest@1b68b9a4]" name="StartDriver" is-config="true" duration-ms="7323" started-at="2020-10-24T16:22:43 EET" finished-at="2020-10-24T16:22:50 EET">
          <reporter-output>
          </reporter-output>
        </test-method> <!-- StartDriver -->
        <test-method status="PASS" signature="userCanAddAutomatedProductSuccessfully()[pri:0, instance:tests.addingAutomatedProductTest@1b68b9a4]" name="userCanAddAutomatedProductSuccessfully" duration-ms="3117" started-at="2020-10-24T16:22:50 EET" finished-at="2020-10-24T16:22:53 EET">
          <reporter-output>
          </reporter-output>
        </test-method> <!-- userCanAddAutomatedProductSuccessfully -->
        <test-method status="PASS" signature="StopDriver()[pri:0, instance:tests.addingAutomatedProductTest@1b68b9a4]" name="StopDriver" is-config="true" duration-ms="537" started-at="2020-10-24T16:23:16 EET" finished-at="2020-10-24T16:23:17 EET">
          <reporter-output>
          </reporter-output>
        </test-method> <!-- StopDriver -->
      </class> <!-- tests.addingAutomatedProductTest -->
    </test> <!-- Regression test -->
  </suite> <!-- nopCommerce Regression suite -->
</testng-results>
